d:\oracleofcopying\oracleofcopying\x64\debug\vc143.pdb
d:\oracleofcopying\oracleofcopying\x64\debug\vc143.idb
d:\oracleofcopying\oracleofcopying\x64\debug\e_app.obj
d:\oracleofcopying\oracleofcopying\x64\debug\ooc.obj
d:\ooc\oracleofcopying\x64\debug\oracleofcopying.exe
d:\ooc\oracleofcopying\oracleofcopying\x64\debug\oracleofcopying.ilk
d:\ooc\oracleofcopying\x64\debug\oracleofcopying.pdb
d:\oracleofcopying\x64\debug\oracleofcopying.exe
d:\oracleofcopying\oracleofcopying\x64\debug\oracleofcopying.ilk
d:\oracleofcopying\x64\debug\oracleofcopying.pdb
d:\oracleofcopying\oracleofcopying\x64\debug\dgmaster.obj
d:\oracleofcopying\oracleofcopying\x64\debug\d_string.obj
d:\oracleofcopying\oracleofcopying\x64\debug\d_utils.obj
d:\oracleofcopying\oracleofcopying\x64\debug\g_hitbox.obj
d:\oracleofcopying\oracleofcopying\x64\debug\g_room.obj
d:\oracleofcopying\oracleofcopying\x64\debug\g_tile.obj
d:\oracleofcopying\oracleofcopying\x64\debug\m_rng.obj
d:\oracleofcopying\oracleofcopying\x64\debug\r_atlas.obj
d:\oracleofcopying\oracleofcopying\x64\debug\r_image.obj
d:\oracleofcopying\oracleofcopying\x64\debug\oracleofcopying.tlog\cl.command.1.tlog
d:\oracleofcopying\oracleofcopying\x64\debug\oracleofcopying.tlog\cl.items.tlog
d:\oracleofcopying\oracleofcopying\x64\debug\oracleofcopying.tlog\cl.read.1.tlog
d:\oracleofcopying\oracleofcopying\x64\debug\oracleofcopying.tlog\cl.write.1.tlog
d:\oracleofcopying\oracleofcopying\x64\debug\oracleofcopying.tlog\link.command.1.tlog
d:\oracleofcopying\oracleofcopying\x64\debug\oracleofcopying.tlog\link.read.1.tlog
d:\oracleofcopying\oracleofcopying\x64\debug\oracleofcopying.tlog\link.write.1.tlog
